# project libcsp (1.0.1) configured on Wed Oct  8 21:19:54 2014 by
# waf 1.6.9 (abi 98, python 20706f0 on linux2)
# using ./waf clean configure --prefix=/home/alex/libcsp --install-csp --enable-promisc --enable-if-kiss --with-driver-usart=linux --enable-crc32 --enable-qos --enable-bindings --enable-rdp --with-max-connections=20 --enable-hmac --enable-examples --enable-seqnr --with-os=posix --with-loglevel=info build install
#
----------------------------------------
Setting top to
/home/alex/git/NUTS/project
----------------------------------------
Setting out to
/home/alex/git/NUTS/project/build
----------------------------------------
Checking for program gcc,cc
gcc
find program=['gcc', 'cc'] paths='' var='CC' -> 'gcc'
----------------------------------------
Checking for program ar
ar
find program=['ar'] paths='' var='AR' -> 'ar'
----------------------------------------
Checking for program size
size
find program=['size'] paths='' var='SIZE' -> 'size'
----------------------------------------
Checking for endianness
==>

short int ascii_mm[] = { 0x4249, 0x4765, 0x6E44, 0x6961, 0x6E53, 0x7953, 0 };
short int ascii_ii[] = { 0x694C, 0x5454, 0x656C, 0x6E45, 0x6944, 0x6E61, 0 };
int use_ascii (int i) {
	return ascii_mm[i] + ascii_ii[i];
}
short int ebcdic_ii[] = { 0x89D3, 0xE3E3, 0x8593, 0x95C5, 0x89C4, 0x9581, 0 };
short int ebcdic_mm[] = { 0xC2C9, 0xC785, 0x95C4, 0x8981, 0x95E2, 0xA8E2, 0 };
int use_ebcdic (int i) {
	return ebcdic_mm[i] + ebcdic_ii[i];
}
extern int foo;

<==
[1/2] [32mc: build/.conf_check_1ef578fd40437900240778400bd706ed/test.c -> build/.conf_check_1ef578fd40437900240778400bd706ed/testbuild/test.c.1.o
[0m
['gcc', '-Os', '-Wall', '-g', '-std=gnu99', '-DGIT_REV="87a091d"', '-DCSP_POSIX=1', '-DCSP_DEBUG=1', '-DCSP_VERBOSE=1', '-DCSP_USE_RDP=1', '-DCSP_USE_CRC32=1', '-DCSP_USE_HMAC=1', '-DCSP_USE_PROMISC=1', '-DCSP_USE_QOS=1', '-DCSP_USE_SEQNR=1', '-DCSP_CONN_MAX=20', '-DCSP_CONN_QUEUE_LENGTH=100', '-DCSP_FIFO_INPUT=10', '-DCSP_MAX_BIND_PORT=31', '-DCSP_RDP_MAX_WINDOW=20', '-DCSP_PADDING_BYTES=8', '-DCSP_LOG_LEVEL_INFO=1', '-DCSP_LOG_LEVEL_WARN=1', '-DCSP_LOG_LEVEL_ERROR=1', '../test.c', '-c', '-o', 'test.c.1.o']
[2/2] [35mgrep_for_endianness: build/.conf_check_1ef578fd40437900240778400bd706ed/testbuild/test.c.1.o
[0m
little
----------------------------------------
Checking for header stdbool.h
==>
#include <stdbool.h>

int main() {
	return 0;
}

<==
[1/2] [32mc: build/.conf_check_1b24b0b3c24d53ce072660942760a09c/test.c -> build/.conf_check_1b24b0b3c24d53ce072660942760a09c/testbuild/test.c.1.o
[0m
['gcc', '-Os', '-Wall', '-g', '-std=gnu99', '-DGIT_REV="87a091d"', '-DCSP_POSIX=1', '-DCSP_DEBUG=1', '-DCSP_VERBOSE=1', '-DCSP_USE_RDP=1', '-DCSP_USE_CRC32=1', '-DCSP_USE_HMAC=1', '-DCSP_USE_PROMISC=1', '-DCSP_USE_QOS=1', '-DCSP_USE_SEQNR=1', '-DCSP_CONN_MAX=20', '-DCSP_CONN_QUEUE_LENGTH=100', '-DCSP_FIFO_INPUT=10', '-DCSP_MAX_BIND_PORT=31', '-DCSP_RDP_MAX_WINDOW=20', '-DCSP_PADDING_BYTES=8', '-DCSP_LOG_LEVEL_INFO=1', '-DCSP_LOG_LEVEL_WARN=1', '-DCSP_LOG_LEVEL_ERROR=1', '-DCSP_LITTLE_ENDIAN=1', '../test.c', '-c', '-o', 'test.c.1.o']
[2/2] [33mcstlib: build/.conf_check_1b24b0b3c24d53ce072660942760a09c/testbuild/test.c.1.o -> build/.conf_check_1b24b0b3c24d53ce072660942760a09c/testbuild/libtestprog.a
[0m
['ar', 'rcs', 'libtestprog.a', 'test.c.1.o']
yes
